<?xml version="1.0" encoding="UTF-8"?>
<!-- Generated by org.testng.reporters.JUnitXMLReporter -->
<testsuite hostname="DESKTOP-OPU6J0B" ignored="0" name="Test" tests="4" failures="0" timestamp="01 十一月 2018 08:06:52 GMT" time="3.717" errors="0">
  <testcase name="putTest" time="1.95" classname="com.qa.tests.PutApiTest"/>
  <testcase name="testPostAPI" time="0.573" classname="com.qa.tests.PostApiTest"/>
  <testcase name="testGetAPI" time="0.573" classname="com.qa.tests.GetApiTest"/>
  <testcase name="deleteApiTest" time="0.54" classname="com.qa.tests.DeleteApiTest"/>
</testsuite> <!-- Test -->
