<?xml version="1.0" encoding="UTF-8"?>
<testng-results skipped="0" failed="0" ignored="0" total="1" passed="1">
  <reporter-output>
  </reporter-output>
  <suite name="Default suite" duration-ms="1363" started-at="2018-10-29T12:36:35Z" finished-at="2018-10-29T12:36:36Z">
    <groups>
    </groups>
    <test name="Default test" duration-ms="1363" started-at="2018-10-29T12:36:35Z" finished-at="2018-10-29T12:36:36Z">
      <class name="com.qa.tests.GetApiTest">
        <test-method status="PASS" signature="setup()[pri:0, instance:com.qa.tests.GetApiTest@1753acfe]" name="setup" is-config="true" duration-ms="6" started-at="2018-10-29T12:36:35Z" finished-at="2018-10-29T12:36:35Z">
          <reporter-output>
          </reporter-output>
        </test-method> <!-- setup -->
        <test-method status="PASS" signature="testGetAPI()[pri:0, instance:com.qa.tests.GetApiTest@1753acfe]" name="testGetAPI" duration-ms="1348" started-at="2018-10-29T12:36:35Z" finished-at="2018-10-29T12:36:36Z">
          <reporter-output>
          </reporter-output>
        </test-method> <!-- testGetAPI -->
      </class> <!-- com.qa.tests.GetApiTest -->
    </test> <!-- Default test -->
  </suite> <!-- Default suite -->
</testng-results>
