<?xml version="1.0" encoding="UTF-8"?>
<testng-results skipped="0" failed="0" ignored="0" total="3" passed="3">
  <reporter-output>
  </reporter-output>
  <suite name="Default suite" duration-ms="615" started-at="2018-11-02T16:01:34Z" finished-at="2018-11-02T16:01:35Z">
    <groups>
    </groups>
    <test name="Default test" duration-ms="615" started-at="2018-11-02T16:01:34Z" finished-at="2018-11-02T16:01:35Z">
      <class name="com.qa.tests.RegistTest">
        <test-method status="PASS" signature="testRegist(java.lang.String, java.lang.String, java.lang.String, java.lang.String, java.lang.String)[pri:0, instance:com.qa.tests.RegistTest@c038203]" name="testRegist" duration-ms="292" started-at="2018-11-02T16:01:34Z" data-provider="postdata" finished-at="2018-11-02T16:01:35Z">
          <params>
            <param index="0">
              <value>
                <![CDATA[/api/nadesico.Customer/PreRegister]]>
              </value>
            </param>
            <param index="1">
              <value>
                <![CDATA[RegionSG]]>
              </value>
            </param>
            <param index="2">
              <value>
                <![CDATA[auottest01@ezbuy.com]]>
              </value>
            </param>
            <param index="3">
              <value>
                <![CDATA[111111]]>
              </value>
            </param>
            <param index="4">
              <value>
                <![CDATA[autotest01]]>
              </value>
            </param>
          </params>
          <reporter-output>
          </reporter-output>
        </test-method> <!-- testRegist -->
        <test-method status="PASS" signature="testRegist(java.lang.String, java.lang.String, java.lang.String, java.lang.String, java.lang.String)[pri:0, instance:com.qa.tests.RegistTest@c038203]" name="testRegist" duration-ms="23" started-at="2018-11-02T16:01:35Z" data-provider="postdata" finished-at="2018-11-02T16:01:35Z">
          <params>
            <param index="0">
              <value>
                <![CDATA[/api/nadesico.Customer/PreRegister]]>
              </value>
            </param>
            <param index="1">
              <value>
                <![CDATA[RegionSG]]>
              </value>
            </param>
            <param index="2">
              <value>
                <![CDATA[auottest01@ezbuy.com]]>
              </value>
            </param>
            <param index="3">
              <value>
                <![CDATA[111111]]>
              </value>
            </param>
            <param index="4">
              <value>
                <![CDATA[autotest01]]>
              </value>
            </param>
          </params>
          <reporter-output>
          </reporter-output>
        </test-method> <!-- testRegist -->
        <test-method status="PASS" signature="testRegist(java.lang.String, java.lang.String, java.lang.String, java.lang.String, java.lang.String)[pri:0, instance:com.qa.tests.RegistTest@c038203]" name="testRegist" duration-ms="20" started-at="2018-11-02T16:01:35Z" data-provider="postdata" finished-at="2018-11-02T16:01:35Z">
          <params>
            <param index="0">
              <value>
                <![CDATA[/api/nadesico.Customer/PreRegister]]>
              </value>
            </param>
            <param index="1">
              <value>
                <![CDATA[RegionSG]]>
              </value>
            </param>
            <param index="2">
              <value>
                <![CDATA[auottest02@ezbuy.com]]>
              </value>
            </param>
            <param index="3">
              <value>
                <![CDATA[111111]]>
              </value>
            </param>
            <param index="4">
              <value>
                <![CDATA[autotest01]]>
              </value>
            </param>
          </params>
          <reporter-output>
          </reporter-output>
        </test-method> <!-- testRegist -->
      </class> <!-- com.qa.tests.RegistTest -->
    </test> <!-- Default test -->
  </suite> <!-- Default suite -->
</testng-results>
