<?xml version="1.0" encoding="UTF-8"?>
<!-- Generated by org.testng.reporters.JUnitXMLReporter -->
<testsuite hostname="PC-201805291825" ignored="0" name="Default test" tests="3" failures="0" timestamp="02 十一月 2018 16:17:05 GMT" time="0.619" errors="0">
  <testcase name="testRegist" time="0.305" classname="com.qa.tests.RegistTest"/>
  <testcase name="testRegist" time="0.02" classname="com.qa.tests.RegistTest"/>
  <testcase name="testRegist" time="0.021" classname="com.qa.tests.RegistTest"/>
</testsuite> <!-- Default test -->
