<?xml version="1.0" encoding="UTF-8"?>
<!-- Generated by org.testng.reporters.JUnitXMLReporter -->
<testsuite hostname="DESKTOP-OPU6J0B" ignored="0" name="Default test" tests="3" failures="0" timestamp="01 十一月 2018 10:18:18 GMT" time="2.51" errors="0">
  <testcase name="testRegist" time="1.127" classname="com.qa.tests.RegistTest"/>
  <testcase name="testRegist" time="0.017" classname="com.qa.tests.RegistTest"/>
  <testcase name="testRegist" time="0.013" classname="com.qa.tests.RegistTest"/>
</testsuite> <!-- Default test -->
